<?xml version="1.0" encoding="UTF-8"?>
<!-- Generated by org.testng.reporters.JUnitXMLReporter -->
<testsuite ignored="0" hostname="LAPTOP-5LTLQDNP" failures="1" tests="1" name="TestNG" time="23.203" errors="0" timestamp="2020-03-18T22:54:39 IST">
  <testcase classname="selenium.NewTest" name="PurchaseProduct" time="14.026">
    <failure type="java.lang.AssertionError" message="expected [65 inches] but found [TCL 163.96 cm (65 inches)  AI 4K UHD Certified Android Smart LED TV 65P8 (Black) (2019 Model)]">
      <![CDATA[java.lang.AssertionError: expected [65 inches] but found [TCL 163.96 cm (65 inches)  AI 4K UHD Certified Android Smart LED TV 65P8 (Black) (2019 Model)]
at selenium.NewTest.PurchaseProduct(NewTest.java:67)
at java.base/java.util.ArrayList.forEach(ArrayList.java:1540)
... Removed 32 stack frames]]>
    </failure>
  </testcase> <!-- PurchaseProduct -->
</testsuite> <!-- TestNG -->
